  Color_CS.cpp
  Converters.cpp
  GTKeyboard_CS.cpp
D:\proejcts\gui-tesing-library\gui-tesing-library\src\GTLibrary_CSharp\GTWindow_CS.h(32,15): error C2143: syntax error: missing ';' before '^'
  (compiling source file 'GTKeyboard_CS.cpp')
  
D:\proejcts\gui-tesing-library\gui-tesing-library\src\GTLibrary_CSharp\GTWindow_CS.h(32,9): error C4430: missing type specifier - int assumed. Note: C++ does not support default-int
  (compiling source file 'GTKeyboard_CS.cpp')
  
D:\proejcts\gui-tesing-library\gui-tesing-library\src\GTLibrary_CSharp\GTWindow_CS.h(32,27): error C2238: unexpected token(s) preceding ';'
  (compiling source file 'GTKeyboard_CS.cpp')
  
D:\proejcts\gui-tesing-library\gui-tesing-library\src\GTLibrary_CSharp\GTWindow_CS.h(39,21): error C2143: syntax error: missing ';' before '^'
  (compiling source file 'GTKeyboard_CS.cpp')
  
D:\proejcts\gui-tesing-library\gui-tesing-library\src\GTLibrary_CSharp\GTWindow_CS.h(39,9): error C4430: missing type specifier - int assumed. Note: C++ does not support default-int
  (compiling source file 'GTKeyboard_CS.cpp')
  
D:\proejcts\gui-tesing-library\gui-tesing-library\src\GTLibrary_CSharp\GTWindow_CS.h(39,43): error C2238: unexpected token(s) preceding ';'
  (compiling source file 'GTKeyboard_CS.cpp')
  
D:\proejcts\gui-tesing-library\gui-tesing-library\src\GTLibrary_CSharp\GTWindow_CS.h(49,15): error C2143: syntax error: missing ';' before '^'
  (compiling source file 'GTKeyboard_CS.cpp')
  
D:\proejcts\gui-tesing-library\gui-tesing-library\src\GTLibrary_CSharp\GTWindow_CS.h(49,9): error C4430: missing type specifier - int assumed. Note: C++ does not support default-int
  (compiling source file 'GTKeyboard_CS.cpp')
  
D:\proejcts\gui-tesing-library\gui-tesing-library\src\GTLibrary_CSharp\GTWindow_CS.h(49,33): error C2238: unexpected token(s) preceding ';'
  (compiling source file 'GTKeyboard_CS.cpp')
  
D:\proejcts\gui-tesing-library\gui-tesing-library\src\GTLibrary_CSharp\GTWindow_CS.h(54,71): warning C4677: 'GetContentPixelColorAt': signature of non-private member contains assembly private type 'Color_CS'
  (compiling source file 'GTKeyboard_CS.cpp')
      D:\proejcts\gui-tesing-library\gui-tesing-library\src\GTLibrary_CSharp\Color_CS.h(2,11):
      see declaration of 'Color_CS'
  
D:\proejcts\gui-tesing-library\gui-tesing-library\src\GTLibrary_CSharp\GTWindow_CS.h(55,79): warning C4677: 'GetContentPixelColorAt': signature of non-private member contains assembly private type 'Color_CS'
  (compiling source file 'GTKeyboard_CS.cpp')
      D:\proejcts\gui-tesing-library\gui-tesing-library\src\GTLibrary_CSharp\Color_CS.h(2,11):
      see declaration of 'Color_CS'
  
D:\proejcts\gui-tesing-library\gui-tesing-library\src\GTLibrary_CSharp\GTWindow_CS.h(55,79): warning C4677: 'GetContentPixelColorAt': signature of non-private member contains assembly private type 'Vector2f_CS'
  (compiling source file 'GTKeyboard_CS.cpp')
      D:\proejcts\gui-tesing-library\gui-tesing-library\src\GTLibrary_CSharp\Vector2f_CS.h(2,11):
      see declaration of 'Vector2f_CS'
  
D:\proejcts\gui-tesing-library\gui-tesing-library\src\GTLibrary_CSharp\GTWindow_CS.h(56,101): warning C4677: 'ContentPixelAtShouldBeColor': signature of non-private member contains assembly private type 'Color_CS'
  (compiling source file 'GTKeyboard_CS.cpp')
      D:\proejcts\gui-tesing-library\gui-tesing-library\src\GTLibrary_CSharp\Color_CS.h(2,11):
      see declaration of 'Color_CS'
  
D:\proejcts\gui-tesing-library\gui-tesing-library\src\GTLibrary_CSharp\GTWindow_CS.h(58,41): error C4430: missing type specifier - int assumed. Note: C++ does not support default-int
  (compiling source file 'GTKeyboard_CS.cpp')
  
D:\proejcts\gui-tesing-library\gui-tesing-library\src\GTLibrary_CSharp\GTWindow_CS.h(58,53): error C2143: syntax error: missing ',' before '^'
  (compiling source file 'GTKeyboard_CS.cpp')
  
D:\proejcts\gui-tesing-library\gui-tesing-library\src\GTLibrary_CSharp\GTWindow_CS.h(59,140): warning C4677: 'ContentPixelAtShouldBeColor': signature of non-private member contains assembly private type 'Vector2f_CS'
  (compiling source file 'GTKeyboard_CS.cpp')
      D:\proejcts\gui-tesing-library\gui-tesing-library\src\GTLibrary_CSharp\Vector2f_CS.h(2,11):
      see declaration of 'Vector2f_CS'
  
D:\proejcts\gui-tesing-library\gui-tesing-library\src\GTLibrary_CSharp\GTWindow_CS.h(59,140): warning C4677: 'ContentPixelAtShouldBeColor': signature of non-private member contains assembly private type 'Color_CS'
  (compiling source file 'GTKeyboard_CS.cpp')
      D:\proejcts\gui-tesing-library\gui-tesing-library\src\GTLibrary_CSharp\Color_CS.h(2,11):
      see declaration of 'Color_CS'
  
D:\proejcts\gui-tesing-library\gui-tesing-library\src\GTLibrary_CSharp\GTKeyboard_CS.h(15,28): error C2684: 'GTKeyboard_CS::~GTKeyboard_CS(void)': deleted and defaulted functions are not supported in managed classes
  (compiling source file 'GTKeyboard_CS.cpp')
  
D:\proejcts\gui-tesing-library\gui-tesing-library\src\GTLibrary_CSharp\GTKeyboard_CS.h(18,34): warning C4677: 'PressKey': signature of non-private member contains assembly private type 'Key_CS'
  (compiling source file 'GTKeyboard_CS.cpp')
      D:\proejcts\gui-tesing-library\gui-tesing-library\src\GTLibrary_CSharp\Key_CS.h(2,11):
      see declaration of 'Key_CS'
  
D:\proejcts\gui-tesing-library\gui-tesing-library\src\GTLibrary_CSharp\GTKeyboard_CS.h(19,36): warning C4677: 'ReleaseKey': signature of non-private member contains assembly private type 'Key_CS'
  (compiling source file 'GTKeyboard_CS.cpp')
      D:\proejcts\gui-tesing-library\gui-tesing-library\src\GTLibrary_CSharp\Key_CS.h(2,11):
      see declaration of 'Key_CS'
  
D:\proejcts\gui-tesing-library\gui-tesing-library\src\GTLibrary_CSharp\GTKeyboard_CS.h(20,34): warning C4677: 'ClickKey': signature of non-private member contains assembly private type 'Key_CS'
  (compiling source file 'GTKeyboard_CS.cpp')
      D:\proejcts\gui-tesing-library\gui-tesing-library\src\GTLibrary_CSharp\Key_CS.h(2,11):
      see declaration of 'Key_CS'
  
D:\proejcts\gui-tesing-library\gui-tesing-library\src\GTLibrary_CSharp\GTKeyboard_CS.h(21,19): error C2061: syntax error: identifier 'String'
  (compiling source file 'GTKeyboard_CS.cpp')
  
  GTMouse_CS.cpp
D:\proejcts\gui-tesing-library\gui-tesing-library\src\GTLibrary_CSharp\GTWindow_CS.h(32,15): error C2143: syntax error: missing ';' before '^'
  (compiling source file 'GTMouse_CS.cpp')
  
D:\proejcts\gui-tesing-library\gui-tesing-library\src\GTLibrary_CSharp\GTWindow_CS.h(32,9): error C4430: missing type specifier - int assumed. Note: C++ does not support default-int
  (compiling source file 'GTMouse_CS.cpp')
  
D:\proejcts\gui-tesing-library\gui-tesing-library\src\GTLibrary_CSharp\GTWindow_CS.h(32,27): error C2238: unexpected token(s) preceding ';'
  (compiling source file 'GTMouse_CS.cpp')
  
D:\proejcts\gui-tesing-library\gui-tesing-library\src\GTLibrary_CSharp\GTWindow_CS.h(49,15): error C2143: syntax error: missing ';' before '^'
  (compiling source file 'GTMouse_CS.cpp')
  
D:\proejcts\gui-tesing-library\gui-tesing-library\src\GTLibrary_CSharp\GTWindow_CS.h(49,9): error C4430: missing type specifier - int assumed. Note: C++ does not support default-int
  (compiling source file 'GTMouse_CS.cpp')
  
D:\proejcts\gui-tesing-library\gui-tesing-library\src\GTLibrary_CSharp\GTWindow_CS.h(49,33): error C2238: unexpected token(s) preceding ';'
  (compiling source file 'GTMouse_CS.cpp')
  
D:\proejcts\gui-tesing-library\gui-tesing-library\src\GTLibrary_CSharp\GTWindow_CS.h(54,71): warning C4677: 'GetContentPixelColorAt': signature of non-private member contains assembly private type 'Color_CS'
  (compiling source file 'GTMouse_CS.cpp')
      D:\proejcts\gui-tesing-library\gui-tesing-library\src\GTLibrary_CSharp\Color_CS.h(2,11):
      see declaration of 'Color_CS'
  
D:\proejcts\gui-tesing-library\gui-tesing-library\src\GTLibrary_CSharp\GTWindow_CS.h(55,79): warning C4677: 'GetContentPixelColorAt': signature of non-private member contains assembly private type 'Color_CS'
  (compiling source file 'GTMouse_CS.cpp')
      D:\proejcts\gui-tesing-library\gui-tesing-library\src\GTLibrary_CSharp\Color_CS.h(2,11):
      see declaration of 'Color_CS'
  
D:\proejcts\gui-tesing-library\gui-tesing-library\src\GTLibrary_CSharp\GTWindow_CS.h(55,79): warning C4677: 'GetContentPixelColorAt': signature of non-private member contains assembly private type 'Vector2f_CS'
  (compiling source file 'GTMouse_CS.cpp')
      D:\proejcts\gui-tesing-library\gui-tesing-library\src\GTLibrary_CSharp\Vector2f_CS.h(2,11):
      see declaration of 'Vector2f_CS'
  
D:\proejcts\gui-tesing-library\gui-tesing-library\src\GTLibrary_CSharp\GTWindow_CS.h(56,101): warning C4677: 'ContentPixelAtShouldBeColor': signature of non-private member contains assembly private type 'Color_CS'
  (compiling source file 'GTMouse_CS.cpp')
      D:\proejcts\gui-tesing-library\gui-tesing-library\src\GTLibrary_CSharp\Color_CS.h(2,11):
      see declaration of 'Color_CS'
  
D:\proejcts\gui-tesing-library\gui-tesing-library\src\GTLibrary_CSharp\GTWindow_CS.h(58,41): error C4430: missing type specifier - int assumed. Note: C++ does not support default-int
  (compiling source file 'GTMouse_CS.cpp')
  
D:\proejcts\gui-tesing-library\gui-tesing-library\src\GTLibrary_CSharp\GTWindow_CS.h(58,53): error C2143: syntax error: missing ',' before '^'
  (compiling source file 'GTMouse_CS.cpp')
  
D:\proejcts\gui-tesing-library\gui-tesing-library\src\GTLibrary_CSharp\GTWindow_CS.h(59,140): warning C4677: 'ContentPixelAtShouldBeColor': signature of non-private member contains assembly private type 'Vector2f_CS'
  (compiling source file 'GTMouse_CS.cpp')
      D:\proejcts\gui-tesing-library\gui-tesing-library\src\GTLibrary_CSharp\Vector2f_CS.h(2,11):
      see declaration of 'Vector2f_CS'
  
D:\proejcts\gui-tesing-library\gui-tesing-library\src\GTLibrary_CSharp\GTWindow_CS.h(59,140): warning C4677: 'ContentPixelAtShouldBeColor': signature of non-private member contains assembly private type 'Color_CS'
  (compiling source file 'GTMouse_CS.cpp')
      D:\proejcts\gui-tesing-library\gui-tesing-library\src\GTLibrary_CSharp\Color_CS.h(2,11):
      see declaration of 'Color_CS'
  
D:\proejcts\gui-tesing-library\gui-tesing-library\src\GTLibrary_CSharp\GTMouse_CS.h(29,81): warning C4677: 'SetPositionRelativeToWindow': signature of non-private member contains assembly private type 'Vector2f_CS'
  (compiling source file 'GTMouse_CS.cpp')
      D:\proejcts\gui-tesing-library\gui-tesing-library\src\GTLibrary_CSharp\Vector2f_CS.h(2,11):
      see declaration of 'Vector2f_CS'
  
D:\proejcts\gui-tesing-library\gui-tesing-library\src\GTLibrary_CSharp\GTMouse_CS.h(30,49): error C3222: 'errorDistance': cannot declare default arguments for member functions of a managed type or generic functions
  (compiling source file 'GTMouse_CS.cpp')
  
D:\proejcts\gui-tesing-library\gui-tesing-library\src\GTLibrary_CSharp\GTMouse_CS.h(33,81): warning C4677: 'MoveMouseRelativeToWindowTo': signature of non-private member contains assembly private type 'Vector2f_CS'
  (compiling source file 'GTMouse_CS.cpp')
      D:\proejcts\gui-tesing-library\gui-tesing-library\src\GTLibrary_CSharp\Vector2f_CS.h(2,11):
      see declaration of 'Vector2f_CS'
  
D:\proejcts\gui-tesing-library\gui-tesing-library\src\GTLibrary_CSharp\GTMouse_CS.h(34,66): warning C4677: 'GetPositionRelativeToWindow': signature of non-private member contains assembly private type 'Vector2f_CS'
  (compiling source file 'GTMouse_CS.cpp')
      D:\proejcts\gui-tesing-library\gui-tesing-library\src\GTLibrary_CSharp\Vector2f_CS.h(2,11):
      see declaration of 'Vector2f_CS'
  
D:\proejcts\gui-tesing-library\gui-tesing-library\src\GTLibrary_CSharp\GTMouse_CS.h(35,93): error C3222: 'errorDistance': cannot declare default arguments for member functions of a managed type or generic functions
  (compiling source file 'GTMouse_CS.cpp')
  
D:\proejcts\gui-tesing-library\gui-tesing-library\src\GTLibrary_CSharp\GTMouse_CS.h(35,111): warning C4677: 'PositionRelativeToWindowShouldBe': signature of non-private member contains assembly private type 'Vector2f_CS'
  (compiling source file 'GTMouse_CS.cpp')
      D:\proejcts\gui-tesing-library\gui-tesing-library\src\GTLibrary_CSharp\Vector2f_CS.h(2,11):
      see declaration of 'Vector2f_CS'
  
  GTProcess_CS.cpp
D:\proejcts\gui-tesing-library\gui-tesing-library\src\GTLibrary_CSharp\GTWindow_CS.h(32,15): error C2143: syntax error: missing ';' before '^'
  (compiling source file 'GTProcess_CS.cpp')
  
D:\proejcts\gui-tesing-library\gui-tesing-library\src\GTLibrary_CSharp\GTWindow_CS.h(32,9): error C4430: missing type specifier - int assumed. Note: C++ does not support default-int
  (compiling source file 'GTProcess_CS.cpp')
  
D:\proejcts\gui-tesing-library\gui-tesing-library\src\GTLibrary_CSharp\GTWindow_CS.h(32,27): error C2238: unexpected token(s) preceding ';'
  (compiling source file 'GTProcess_CS.cpp')
  
D:\proejcts\gui-tesing-library\gui-tesing-library\src\GTLibrary_CSharp\GTWindow_CS.h(39,21): error C2143: syntax error: missing ';' before '^'
  (compiling source file 'GTProcess_CS.cpp')
  
D:\proejcts\gui-tesing-library\gui-tesing-library\src\GTLibrary_CSharp\GTWindow_CS.h(39,9): error C4430: missing type specifier - int assumed. Note: C++ does not support default-int
  (compiling source file 'GTProcess_CS.cpp')
  
D:\proejcts\gui-tesing-library\gui-tesing-library\src\GTLibrary_CSharp\GTWindow_CS.h(39,43): error C2238: unexpected token(s) preceding ';'
  (compiling source file 'GTProcess_CS.cpp')
  
D:\proejcts\gui-tesing-library\gui-tesing-library\src\GTLibrary_CSharp\GTWindow_CS.h(49,15): error C2143: syntax error: missing ';' before '^'
  (compiling source file 'GTProcess_CS.cpp')
  
D:\proejcts\gui-tesing-library\gui-tesing-library\src\GTLibrary_CSharp\GTWindow_CS.h(49,9): error C4430: missing type specifier - int assumed. Note: C++ does not support default-int
  (compiling source file 'GTProcess_CS.cpp')
  
D:\proejcts\gui-tesing-library\gui-tesing-library\src\GTLibrary_CSharp\GTWindow_CS.h(49,33): error C2238: unexpected token(s) preceding ';'
  (compiling source file 'GTProcess_CS.cpp')
  
D:\proejcts\gui-tesing-library\gui-tesing-library\src\GTLibrary_CSharp\GTWindow_CS.h(54,71): warning C4677: 'GetContentPixelColorAt': signature of non-private member contains assembly private type 'Color_CS'
  (compiling source file 'GTProcess_CS.cpp')
      D:\proejcts\gui-tesing-library\gui-tesing-library\src\GTLibrary_CSharp\Color_CS.h(2,11):
      see declaration of 'Color_CS'
  
D:\proejcts\gui-tesing-library\gui-tesing-library\src\GTLibrary_CSharp\GTWindow_CS.h(55,79): warning C4677: 'GetContentPixelColorAt': signature of non-private member contains assembly private type 'Color_CS'
  (compiling source file 'GTProcess_CS.cpp')
      D:\proejcts\gui-tesing-library\gui-tesing-library\src\GTLibrary_CSharp\Color_CS.h(2,11):
      see declaration of 'Color_CS'
  
D:\proejcts\gui-tesing-library\gui-tesing-library\src\GTLibrary_CSharp\GTWindow_CS.h(55,79): warning C4677: 'GetContentPixelColorAt': signature of non-private member contains assembly private type 'Vector2f_CS'
  (compiling source file 'GTProcess_CS.cpp')
      D:\proejcts\gui-tesing-library\gui-tesing-library\src\GTLibrary_CSharp\Vector2f_CS.h(2,11):
      see declaration of 'Vector2f_CS'
  
D:\proejcts\gui-tesing-library\gui-tesing-library\src\GTLibrary_CSharp\GTWindow_CS.h(56,101): warning C4677: 'ContentPixelAtShouldBeColor': signature of non-private member contains assembly private type 'Color_CS'
  (compiling source file 'GTProcess_CS.cpp')
      D:\proejcts\gui-tesing-library\gui-tesing-library\src\GTLibrary_CSharp\Color_CS.h(2,11):
      see declaration of 'Color_CS'
  
D:\proejcts\gui-tesing-library\gui-tesing-library\src\GTLibrary_CSharp\GTWindow_CS.h(58,41): error C4430: missing type specifier - int assumed. Note: C++ does not support default-int
  (compiling source file 'GTProcess_CS.cpp')
  
D:\proejcts\gui-tesing-library\gui-tesing-library\src\GTLibrary_CSharp\GTWindow_CS.h(58,53): error C2143: syntax error: missing ',' before '^'
  (compiling source file 'GTProcess_CS.cpp')
  
D:\proejcts\gui-tesing-library\gui-tesing-library\src\GTLibrary_CSharp\GTWindow_CS.h(59,140): warning C4677: 'ContentPixelAtShouldBeColor': signature of non-private member contains assembly private type 'Vector2f_CS'
  (compiling source file 'GTProcess_CS.cpp')
      D:\proejcts\gui-tesing-library\gui-tesing-library\src\GTLibrary_CSharp\Vector2f_CS.h(2,11):
      see declaration of 'Vector2f_CS'
  
D:\proejcts\gui-tesing-library\gui-tesing-library\src\GTLibrary_CSharp\GTWindow_CS.h(59,140): warning C4677: 'ContentPixelAtShouldBeColor': signature of non-private member contains assembly private type 'Color_CS'
  (compiling source file 'GTProcess_CS.cpp')
      D:\proejcts\gui-tesing-library\gui-tesing-library\src\GTLibrary_CSharp\Color_CS.h(2,11):
      see declaration of 'Color_CS'
  
  GTScreen_CS.cpp
D:\proejcts\gui-tesing-library\gui-tesing-library\src\GTLibrary_CSharp\GTScreen_CS.h(13,35): warning C4677: 'GetScreenshot': signature of non-private member contains assembly private type 'ScreenShot_CS'
  (compiling source file 'GTScreen_CS.cpp')
      D:\proejcts\gui-tesing-library\gui-tesing-library\src\GTLibrary_CSharp\ScreenShot_CS.h(2,11):
      see declaration of 'ScreenShot_CS'
  
D:\proejcts\gui-tesing-library\gui-tesing-library\src\GTLibrary_CSharp\GTScreen_CS.h(14,79): warning C4677: 'GetScreenshotRect': signature of non-private member contains assembly private type 'ScreenShot_CS'
  (compiling source file 'GTScreen_CS.cpp')
      D:\proejcts\gui-tesing-library\gui-tesing-library\src\GTLibrary_CSharp\ScreenShot_CS.h(2,11):
      see declaration of 'ScreenShot_CS'
  
D:\proejcts\gui-tesing-library\gui-tesing-library\src\GTLibrary_CSharp\GTScreen_CS.h(15,53): warning C4677: 'GetPixelColorAt': signature of non-private member contains assembly private type 'Color_CS'
  (compiling source file 'GTScreen_CS.cpp')
      D:\proejcts\gui-tesing-library\gui-tesing-library\src\GTLibrary_CSharp\Color_CS.h(2,11):
      see declaration of 'Color_CS'
  
D:\proejcts\gui-tesing-library\gui-tesing-library\src\GTLibrary_CSharp\GTScreen_CS.h(16,83): warning C4677: 'PixelAtShouldBeColor': signature of non-private member contains assembly private type 'Color_CS'
  (compiling source file 'GTScreen_CS.cpp')
      D:\proejcts\gui-tesing-library\gui-tesing-library\src\GTLibrary_CSharp\Color_CS.h(2,11):
      see declaration of 'Color_CS'
  
  GTSystemControler_CS.cpp
D:\proejcts\gui-tesing-library\gui-tesing-library\src\GTLibrary_CSharp\GTWindow_CS.h(32,15): error C2143: syntax error: missing ';' before '^'
  (compiling source file 'GTSystemControler_CS.cpp')
  
D:\proejcts\gui-tesing-library\gui-tesing-library\src\GTLibrary_CSharp\GTWindow_CS.h(32,9): error C4430: missing type specifier - int assumed. Note: C++ does not support default-int
  (compiling source file 'GTSystemControler_CS.cpp')
  
D:\proejcts\gui-tesing-library\gui-tesing-library\src\GTLibrary_CSharp\GTWindow_CS.h(32,27): error C2238: unexpected token(s) preceding ';'
  (compiling source file 'GTSystemControler_CS.cpp')
  
D:\proejcts\gui-tesing-library\gui-tesing-library\src\GTLibrary_CSharp\GTWindow_CS.h(39,21): error C2143: syntax error: missing ';' before '^'
  (compiling source file 'GTSystemControler_CS.cpp')
  
D:\proejcts\gui-tesing-library\gui-tesing-library\src\GTLibrary_CSharp\GTWindow_CS.h(39,9): error C4430: missing type specifier - int assumed. Note: C++ does not support default-int
  (compiling source file 'GTSystemControler_CS.cpp')
  
D:\proejcts\gui-tesing-library\gui-tesing-library\src\GTLibrary_CSharp\GTWindow_CS.h(39,43): error C2238: unexpected token(s) preceding ';'
  (compiling source file 'GTSystemControler_CS.cpp')
  
D:\proejcts\gui-tesing-library\gui-tesing-library\src\GTLibrary_CSharp\GTWindow_CS.h(49,15): error C2143: syntax error: missing ';' before '^'
  (compiling source file 'GTSystemControler_CS.cpp')
  
D:\proejcts\gui-tesing-library\gui-tesing-library\src\GTLibrary_CSharp\GTWindow_CS.h(49,9): error C4430: missing type specifier - int assumed. Note: C++ does not support default-int
  (compiling source file 'GTSystemControler_CS.cpp')
  
D:\proejcts\gui-tesing-library\gui-tesing-library\src\GTLibrary_CSharp\GTWindow_CS.h(49,33): error C2238: unexpected token(s) preceding ';'
  (compiling source file 'GTSystemControler_CS.cpp')
  
D:\proejcts\gui-tesing-library\gui-tesing-library\src\GTLibrary_CSharp\GTWindow_CS.h(54,71): warning C4677: 'GetContentPixelColorAt': signature of non-private member contains assembly private type 'Color_CS'
  (compiling source file 'GTSystemControler_CS.cpp')
      D:\proejcts\gui-tesing-library\gui-tesing-library\src\GTLibrary_CSharp\Color_CS.h(2,11):
      see declaration of 'Color_CS'
  
D:\proejcts\gui-tesing-library\gui-tesing-library\src\GTLibrary_CSharp\GTWindow_CS.h(55,79): warning C4677: 'GetContentPixelColorAt': signature of non-private member contains assembly private type 'Color_CS'
  (compiling source file 'GTSystemControler_CS.cpp')
      D:\proejcts\gui-tesing-library\gui-tesing-library\src\GTLibrary_CSharp\Color_CS.h(2,11):
      see declaration of 'Color_CS'
  
D:\proejcts\gui-tesing-library\gui-tesing-library\src\GTLibrary_CSharp\GTWindow_CS.h(55,79): warning C4677: 'GetContentPixelColorAt': signature of non-private member contains assembly private type 'Vector2f_CS'
  (compiling source file 'GTSystemControler_CS.cpp')
      D:\proejcts\gui-tesing-library\gui-tesing-library\src\GTLibrary_CSharp\Vector2f_CS.h(2,11):
      see declaration of 'Vector2f_CS'
  
D:\proejcts\gui-tesing-library\gui-tesing-library\src\GTLibrary_CSharp\GTWindow_CS.h(56,101): warning C4677: 'ContentPixelAtShouldBeColor': signature of non-private member contains assembly private type 'Color_CS'
  (compiling source file 'GTSystemControler_CS.cpp')
      D:\proejcts\gui-tesing-library\gui-tesing-library\src\GTLibrary_CSharp\Color_CS.h(2,11):
      see declaration of 'Color_CS'
  
D:\proejcts\gui-tesing-library\gui-tesing-library\src\GTLibrary_CSharp\GTWindow_CS.h(58,41): error C4430: missing type specifier - int assumed. Note: C++ does not support default-int
  (compiling source file 'GTSystemControler_CS.cpp')
  
D:\proejcts\gui-tesing-library\gui-tesing-library\src\GTLibrary_CSharp\GTWindow_CS.h(58,53): error C2143: syntax error: missing ',' before '^'
  (compiling source file 'GTSystemControler_CS.cpp')
  
D:\proejcts\gui-tesing-library\gui-tesing-library\src\GTLibrary_CSharp\GTWindow_CS.h(59,140): warning C4677: 'ContentPixelAtShouldBeColor': signature of non-private member contains assembly private type 'Vector2f_CS'
  (compiling source file 'GTSystemControler_CS.cpp')
      D:\proejcts\gui-tesing-library\gui-tesing-library\src\GTLibrary_CSharp\Vector2f_CS.h(2,11):
      see declaration of 'Vector2f_CS'
  
D:\proejcts\gui-tesing-library\gui-tesing-library\src\GTLibrary_CSharp\GTWindow_CS.h(59,140): warning C4677: 'ContentPixelAtShouldBeColor': signature of non-private member contains assembly private type 'Color_CS'
  (compiling source file 'GTSystemControler_CS.cpp')
      D:\proejcts\gui-tesing-library\gui-tesing-library\src\GTLibrary_CSharp\Color_CS.h(2,11):
      see declaration of 'Color_CS'
  
D:\proejcts\gui-tesing-library\gui-tesing-library\src\GTLibrary_CSharp\GTSystemControler_CS.cpp(58,35): error C2556: 'std::string GTSystemControler_CS::GetClipBoardContent(void)': overloaded function differs only by return type from 'System::String ^GTSystemControler_CS::GetClipBoardContent(void)'
      D:\proejcts\gui-tesing-library\gui-tesing-library\src\GTLibrary_CSharp\GTSystemControler_CS.h(39,17):
      see declaration of 'GTSystemControler_CS::GetClipBoardContent'
  
D:\proejcts\gui-tesing-library\gui-tesing-library\src\GTLibrary_CSharp\GTSystemControler_CS.cpp(58,35): error C2373: 'GTSystemControler_CS::GetClipBoardContent': redefinition; different type modifiers
      D:\proejcts\gui-tesing-library\gui-tesing-library\src\GTLibrary_CSharp\GTSystemControler_CS.h(39,17):
      see declaration of 'GTSystemControler_CS::GetClipBoardContent'
  
  GTSystemVersion_CS.cpp
  GTWindow_CS.cpp
D:\proejcts\gui-tesing-library\gui-tesing-library\src\GTLibrary_CSharp\GTWindow_CS.h(32,15): error C2143: syntax error: missing ';' before '^'
  (compiling source file 'GTWindow_CS.cpp')
  
D:\proejcts\gui-tesing-library\gui-tesing-library\src\GTLibrary_CSharp\GTWindow_CS.h(32,9): error C4430: missing type specifier - int assumed. Note: C++ does not support default-int
  (compiling source file 'GTWindow_CS.cpp')
  
D:\proejcts\gui-tesing-library\gui-tesing-library\src\GTLibrary_CSharp\GTWindow_CS.h(32,27): error C2238: unexpected token(s) preceding ';'
  (compiling source file 'GTWindow_CS.cpp')
  
D:\proejcts\gui-tesing-library\gui-tesing-library\src\GTLibrary_CSharp\GTWindow_CS.h(49,15): error C2143: syntax error: missing ';' before '^'
  (compiling source file 'GTWindow_CS.cpp')
  
D:\proejcts\gui-tesing-library\gui-tesing-library\src\GTLibrary_CSharp\GTWindow_CS.h(49,9): error C4430: missing type specifier - int assumed. Note: C++ does not support default-int
  (compiling source file 'GTWindow_CS.cpp')
  
D:\proejcts\gui-tesing-library\gui-tesing-library\src\GTLibrary_CSharp\GTWindow_CS.h(49,33): error C2238: unexpected token(s) preceding ';'
  (compiling source file 'GTWindow_CS.cpp')
  
D:\proejcts\gui-tesing-library\gui-tesing-library\src\GTLibrary_CSharp\GTWindow_CS.h(54,71): warning C4677: 'GetContentPixelColorAt': signature of non-private member contains assembly private type 'Color_CS'
  (compiling source file 'GTWindow_CS.cpp')
      D:\proejcts\gui-tesing-library\gui-tesing-library\src\GTLibrary_CSharp\Color_CS.h(2,11):
      see declaration of 'Color_CS'
  
D:\proejcts\gui-tesing-library\gui-tesing-library\src\GTLibrary_CSharp\GTWindow_CS.h(55,79): warning C4677: 'GetContentPixelColorAt': signature of non-private member contains assembly private type 'Color_CS'
  (compiling source file 'GTWindow_CS.cpp')
      D:\proejcts\gui-tesing-library\gui-tesing-library\src\GTLibrary_CSharp\Color_CS.h(2,11):
      see declaration of 'Color_CS'
  
D:\proejcts\gui-tesing-library\gui-tesing-library\src\GTLibrary_CSharp\GTWindow_CS.h(55,79): warning C4677: 'GetContentPixelColorAt': signature of non-private member contains assembly private type 'Vector2f_CS'
  (compiling source file 'GTWindow_CS.cpp')
      D:\proejcts\gui-tesing-library\gui-tesing-library\src\GTLibrary_CSharp\Vector2f_CS.h(2,11):
      see declaration of 'Vector2f_CS'
  
D:\proejcts\gui-tesing-library\gui-tesing-library\src\GTLibrary_CSharp\GTWindow_CS.h(56,101): warning C4677: 'ContentPixelAtShouldBeColor': signature of non-private member contains assembly private type 'Color_CS'
  (compiling source file 'GTWindow_CS.cpp')
      D:\proejcts\gui-tesing-library\gui-tesing-library\src\GTLibrary_CSharp\Color_CS.h(2,11):
      see declaration of 'Color_CS'
  
D:\proejcts\gui-tesing-library\gui-tesing-library\src\GTLibrary_CSharp\GTWindow_CS.h(58,41): error C4430: missing type specifier - int assumed. Note: C++ does not support default-int
  (compiling source file 'GTWindow_CS.cpp')
  
D:\proejcts\gui-tesing-library\gui-tesing-library\src\GTLibrary_CSharp\GTWindow_CS.h(58,53): error C2143: syntax error: missing ',' before '^'
  (compiling source file 'GTWindow_CS.cpp')
  
D:\proejcts\gui-tesing-library\gui-tesing-library\src\GTLibrary_CSharp\GTWindow_CS.h(59,140): warning C4677: 'ContentPixelAtShouldBeColor': signature of non-private member contains assembly private type 'Vector2f_CS'
  (compiling source file 'GTWindow_CS.cpp')
      D:\proejcts\gui-tesing-library\gui-tesing-library\src\GTLibrary_CSharp\Vector2f_CS.h(2,11):
      see declaration of 'Vector2f_CS'
  
D:\proejcts\gui-tesing-library\gui-tesing-library\src\GTLibrary_CSharp\GTWindow_CS.h(59,140): warning C4677: 'ContentPixelAtShouldBeColor': signature of non-private member contains assembly private type 'Color_CS'
  (compiling source file 'GTWindow_CS.cpp')
      D:\proejcts\gui-tesing-library\gui-tesing-library\src\GTLibrary_CSharp\Color_CS.h(2,11):
      see declaration of 'Color_CS'
  
  ImageComparer_CS.cpp
  Key_CS.cpp
  ScreenShot_CS.cpp
  Vector2f_CS.cpp
  Vector2i_CS.cpp
  .NETCoreApp,Version=v8.0.AssemblyAttributes.cpp
  Generating Code...
